600 249 168508 0.9377184 581 543
0 33
1 213
2 13
3 141
4 142
5 241
6 205
7 64
8 76
9 36
10 103
11 125
12 10
13 106
14 119
15 242
16 33
17 102
18 242
19 97
20 193
21 120
22 72
23 166
24 104
25 22
26 172
27 50
28 116
29 211
30 185
31 5
32 133
33 89
34 34
35 163
36 139
37 34
38 109
39 161
40 138
41 17
42 29
43 78
44 193
45 48
46 169
47 3
48 137
49 187
50 202
51 21
52 184
53 129
54 133
55 116
56 82
57 98
58 105
59 16
60 44
61 229
62 51
63 190
64 99
65 114
66 159
67 183
68 86
69 143
70 227
71 91
72 105
73 76
74 10
75 48
76 70
77 190
78 136
79 135
80 51
81 30
82 82
83 110
84 64
85 221
86 184
87 224
88 19
89 130
90 145
91 80
92 47
93 5
94 21
95 156
96 15
97 127
98 38
99 127
100 235
101 13
102 115
103 138
104 58
105 69
106 32
107 125
108 110
109 57
110 60
111 165
112 159
113 18
114 38
115 36
116 149
117 164
118 18
119 156
120 104
121 188
122 63
123 43
124 10
125 126
126 53
127 204
128 16
129 121
130 85
131 7
132 152
133 129
134 236
135 23
136 73
137 58
138 182
139 196
140 9
141 218
142 41
143 132
144 144
145 47
146 128
147 83
148 23
149 12
150 209
151 71
152 55
153 78
154 226
155 219
156 1
157 223
158 123
159 199
160 37
161 140
162 112
163 109
164 86
165 8
166 103
167 177
168 5
169 70
170 141
171 22
172 131
173 75
174 146
175 28
176 239
177 124
178 92
179 34
180 151
181 215
182 122
183 179
184 169
185 153
186 97
187 178
188 154
189 182
190 213
191 108
192 9
193 52
194 148
195 98
196 91
197 160
198 93
199 112
200 200
201 220
202 20
203 212
204 198
205 170
206 112
207 204
208 120
209 96
210 179
211 43
212 74
213 3
214 89
215 79
216 65
217 102
218 40
219 18
220 132
221 41
222 37
223 24
224 134
225 20
226 17
227 100
228 99
229 174
230 26
231 52
232 181
233 54
234 39
235 122
236 45
237 206
238 54
239 87
240 237
241 222
242 40
243 113
244 52
245 124
246 95
247 25
248 147
249 62
250 128
251 72
252 60
253 46
254 12
255 70
256 62
257 179
258 150
259 108
260 35
261 93
262 35
263 211
264 231
265 235
266 46
267 163
268 158
269 167
270 86
271 122
272 42
273 249
274 124
275 80
276 151
277 176
278 19
279 106
280 111
281 90
282 77
283 55
284 218
285 140
286 174
287 53
288 177
289 17
290 51
291 188
292 118
293 3
294 38
295 185
296 154
297 32
298 2
299 142
300 216
301 39
302 61
303 189
304 71
305 216
306 78
307 110
308 201
309 171
310 214
311 95
312 168
313 98
314 167
315 171
316 16
317 64
318 22
319 182
320 163
321 208
322 136
323 99
324 145
325 101
326 205
327 147
328 100
329 56
330 84
331 240
332 149
333 5
334 63
335 46
336 194
337 177
338 139
339 180
340 31
341 228
342 214
343 27
344 222
345 191
346 6
347 85
348 189
349 66
350 79
351 127
352 203
353 210
354 36
355 201
356 217
357 91
358 176
359 2
360 56
361 59
362 232
363 147
364 50
365 216
366 199
367 206
368 55
369 129
370 206
371 178
372 2
373 223
374 56
375 7
376 152
377 238
378 158
379 72
380 118
381 221
382 24
383 209
384 66
385 96
386 243
387 233
388 146
389 59
390 191
391 173
392 180
393 77
394 27
395 11
396 47
397 65
398 119
399 192
400 67
401 49
402 88
403 195
404 130
405 33
406 67
407 84
408 208
409 41
410 219
411 28
412 164
413 23
414 14
415 90
416 69
417 30
418 172
419 44
420 181
421 173
422 175
423 63
424 48
425 77
426 81
427 137
428 134
429 197
430 161
431 31
432 82
433 25
434 61
435 155
436 203
437 160
438 62
439 155
440 137
441 8
442 25
443 29
444 155
445 14
446 157
447 73
448 150
449 234
450 68
451 162
452 93
453 28
454 76
455 15
456 79
457 101
458 195
459 115
460 60
461 83
462 175
463 88
464 148
465 113
466 117
467 162
468 232
469 118
470 225
471 85
472 97
473 237
474 73
475 111
476 30
477 49
478 145
479 58
480 117
481 53
482 245
483 165
484 13
485 207
486 75
487 196
488 107
489 116
490 158
491 100
492 136
493 197
494 50
495 1
496 159
497 94
498 200
499 198
500 20
501 1
502 4
503 66
504 87
505 42
506 168
507 157
508 135
509 140
510 120
511 9
512 67
513 131
514 166
515 27
516 8
517 225
518 14
519 90
520 128
521 144
522 31
523 199
524 42
525 121
526 239
527 45
528 81
529 231
530 107
531 37
532 151
533 81
534 43
535 11
536 186
537 45
538 87
539 29
540 101
541 6
542 26
543 57
544 135
545 7
546 35
547 54
548 40
549 57
550 162
551 186
552 15
553 123
554 104
555 212
556 114
557 126
558 215
559 153
560 4
561 106
562 192
563 248
564 244
565 12
566 19
567 194
568 170
569 247
570 143
571 80
572 183
573 87
574 105
575 121
576 94
577 74
578 95
579 113
580 180
581 92
582 92
583 65
584 132
585 43
586 26
587 202
588 6
589 246
590 84
591 68
592 32
593 39
594 26
595 230
596 210
597 4
598 74
599 148
